Part d (1):
Created Random Jobs:
<6, 3>
<8, 1>
<3, 1>
<7, 2>
<6, 1>
<2, 2>
<2, 1>
<1, 3>
<10, 1>
<10, 3>
Running Simulation:
T3:[3]:T3
(3 preempted by 2)
T2:[2, 2, 2, 2, 2, 2, 2, 2, 2, 2]:T2
T2:[2, 2, 2, 2, 2, 2, 2, 2, 2, 2]:T2
T3:[3, 3]:T3
T1:[1, 1, 1]:T1
T1:[1, 1, 1]:T1
T1:[1, 1, 1]:T1
T1:[1, 1, 1]:T1
T1:[1, 1, 1]:T1
T3:[3, 3, 3]:T3
T3:[3, 3, 3]:T3
Part d (2):
Created Jobs:
<1, 3>
<3, 2>
<6, 3>
<8, 1>
<10, 2>
<12, 3>
<26, 1>
Running Simulation:
T3:[3, 3]:T3
(3 preempted by 2)
T2:[2, 2, 2, 2, 2, 2, 2, 2, 2, 2]:T2
T2:[2, 2, 2, 2, 2, 2, 2, 2, 2, 2]:T2
T3:[3]:T3
T1:[1, 1, 1]:T1
T1:[1, 1, 1]:T1
T3:[3, 3, 3]:T3
T3:[3, 3, 3]:T3